node : node:internal/module
s/cjs/loader:1424
At line:1 char:1
+ node src/app.js 2>&1 | 
Out-File -FilePath 
server_error.log -Encoding 
 ...
+ ~~~~~~~~~~~~~~~~~~~~
    + CategoryInfo         
     : NotSpecified: (nod  
  e:internal/modules/cjs   
 /loader:1424:String) [    
], RemoteException
    + FullyQualifiedErrorI 
   d : NativeCommandError
 
  throw err;
  ^

Error: Cannot find module 
'express'
Require stack:
- D:\Script\PROJECTAKH - Co
py\AppBuild\RE-Publis-v1.0.
0\src\app.js
    at 
Module._resolveFilename (no
de:internal/modules/cjs/loa
der:1421:15)
    at defaultResolveImpl (
node:internal/modules/cjs/l
oader:1059:19)
    at 
resolveForCJSWithHooks (nod
e:internal/modules/cjs/load
er:1064:22)
    at Module._load (node:i
nternal/modules/cjs/loader:
1227:37)
    at 
TracingChannel.traceSync (n
ode:diagnostics_channel:328
:14)
    at wrapModuleLoad (node
:internal/modules/cjs/loade
r:245:24)
    at Module.require (node
:internal/modules/cjs/loade
r:1504:12)
    at require (node:intern
al/modules/helpers:152:16)
    at Object.<anonymous> 
(D:\Script\PROJECTAKH - Cop
y\AppBuild\RE-Publis-v1.0.0
\src\app.js:1:17)
    at Module._compile (nod
e:internal/modules/cjs/load
er:1761:14) {
  code: 'MODULE_NOT_FOUND',
  requireStack: [
    
'D:\\Script\\PROJECTAKH - C
opy\\AppBuild\\RE-Publis-v1
.0.0\\src\\app.js'
  ]
}

Node.js v24.13.0
